<?xml version="1.0" encoding="UTF-8"?>
<testsuite xmlns:xsi="http://www.w3.org/2001/XMLSchema-instance" xsi:noNamespaceSchemaLocation="https://maven.apache.org/surefire/maven-surefire-plugin/xsd/surefire-test-report.xsd" name="com.quinbay.CucumberRunner" time="0.972" tests="1" errors="1" skipped="0" failures="0">
  <properties>
    <property name="gopherProxySet" value="false"/>
    <property name="awt.toolkit" value="sun.lwawt.macosx.LWCToolkit"/>
    <property name="file.encoding.pkg" value="sun.io"/>
    <property name="java.specification.version" value="1.8"/>
    <property name="sun.cpu.isalist" value=""/>
    <property name="sun.jnu.encoding" value="UTF-8"/>
    <property name="java.class.path" value="/Users/athies/Downloads/Digital_automation_UI/target/test-classes:/Users/athies/Downloads/Digital_automation_UI/target/classes:/Users/athies/.m2/repository/org/seleniumhq/selenium/selenium-api/3.141.59/selenium-api-3.141.59.jar:/Users/athies/.m2/repository/org/seleniumhq/selenium/selenium-safari-driver/3.141.59/selenium-safari-driver-3.141.59.jar:/Users/athies/.m2/repository/org/seleniumhq/selenium/selenium-remote-driver/3.141.59/selenium-remote-driver-3.141.59.jar:/Users/athies/.m2/repository/net/bytebuddy/byte-buddy/1.8.15/byte-buddy-1.8.15.jar:/Users/athies/.m2/repository/org/apache/commons/commons-exec/1.3/commons-exec-1.3.jar:/Users/athies/.m2/repository/com/google/guava/guava/25.0-jre/guava-25.0-jre.jar:/Users/athies/.m2/repository/com/google/code/findbugs/jsr305/1.3.9/jsr305-1.3.9.jar:/Users/athies/.m2/repository/org/checkerframework/checker-compat-qual/2.0.0/checker-compat-qual-2.0.0.jar:/Users/athies/.m2/repository/com/google/errorprone/error_prone_annotations/2.1.3/error_prone_annotations-2.1.3.jar:/Users/athies/.m2/repository/com/google/j2objc/j2objc-annotations/1.1/j2objc-annotations-1.1.jar:/Users/athies/.m2/repository/org/codehaus/mojo/animal-sniffer-annotations/1.14/animal-sniffer-annotations-1.14.jar:/Users/athies/.m2/repository/com/squareup/okhttp3/okhttp/3.11.0/okhttp-3.11.0.jar:/Users/athies/.m2/repository/com/squareup/okio/okio/1.14.0/okio-1.14.0.jar:/Users/athies/.m2/repository/org/seleniumhq/selenium/selenium-support/3.141.59/selenium-support-3.141.59.jar:/Users/athies/.m2/repository/org/seleniumhq/selenium/selenium-chrome-driver/3.141.59/selenium-chrome-driver-3.141.59.jar:/Users/athies/.m2/repository/io/cucumber/cucumber-java/6.9.1/cucumber-java-6.9.1.jar:/Users/athies/.m2/repository/org/apiguardian/apiguardian-api/1.1.0/apiguardian-api-1.1.0.jar:/Users/athies/.m2/repository/junit/junit/4.13.1/junit-4.13.1.jar:/Users/athies/.m2/repository/org/hamcrest/hamcrest-core/1.3/hamcrest-core-1.3.jar:/Users/athies/.m2/repository/info/cukes/cucumber-junit/1.0.2/cucumber-junit-1.0.2.jar:/Users/athies/.m2/repository/info/cukes/cucumber-core/1.0.2/cucumber-core-1.0.2.jar:/Users/athies/.m2/repository/info/cukes/gherkin/2.9.3/gherkin-2.9.3.jar:/Users/athies/.m2/repository/info/cukes/cucumber-html/0.2.1/cucumber-html-0.2.1.jar:/Users/athies/.m2/repository/io/cucumber/cucumber-junit/6.9.1/cucumber-junit-6.9.1.jar:/Users/athies/.m2/repository/io/cucumber/cucumber-core/6.9.1/cucumber-core-6.9.1.jar:/Users/athies/.m2/repository/io/cucumber/cucumber-gherkin/6.9.1/cucumber-gherkin-6.9.1.jar:/Users/athies/.m2/repository/io/cucumber/cucumber-gherkin-messages/6.9.1/cucumber-gherkin-messages-6.9.1.jar:/Users/athies/.m2/repository/io/cucumber/messages/13.2.1/messages-13.2.1.jar:/Users/athies/.m2/repository/io/cucumber/tag-expressions/3.0.0/tag-expressions-3.0.0.jar:/Users/athies/.m2/repository/io/cucumber/cucumber-expressions/10.3.0/cucumber-expressions-10.3.0.jar:/Users/athies/.m2/repository/io/cucumber/datatable/3.5.0/datatable-3.5.0.jar:/Users/athies/.m2/repository/io/cucumber/cucumber-plugin/6.9.1/cucumber-plugin-6.9.1.jar:/Users/athies/.m2/repository/io/cucumber/docstring/6.9.1/docstring-6.9.1.jar:/Users/athies/.m2/repository/io/cucumber/html-formatter/9.0.0/html-formatter-9.0.0.jar:/Users/athies/.m2/repository/io/cucumber/create-meta/2.0.4/create-meta-2.0.4.jar:/Users/athies/.m2/repository/info/cukes/cucumber-java/1.0.2/cucumber-java-1.0.2.jar:/Users/athies/.m2/repository/io/cucumber/gherkin/14.0.1/gherkin-14.0.1.jar:"/>
    <property name="java.vm.vendor" value="Amazon.com Inc."/>
    <property name="sun.arch.data.model" value="64"/>
    <property name="java.vendor.url" value="https://aws.amazon.com/corretto/"/>
    <property name="user.timezone" value=""/>
    <property name="java.vm.specification.version" value="1.8"/>
    <property name="os.name" value="Mac OS X"/>
    <property name="user.country" value="IN"/>
    <property name="sun.java.launcher" value="SUN_STANDARD"/>
    <property name="sun.boot.library.path" value="/Users/athies/Library/Java/JavaVirtualMachines/corretto-1.8.0_282/Contents/Home/jre/lib"/>
    <property name="sun.java.command" value="/Users/athies/Downloads/Digital_automation_UI/target/surefire/surefirebooter162208611941345514.jar /Users/athies/Downloads/Digital_automation_UI/target/surefire 2021-03-04T11-14-37_569-jvmRun1 surefire5765599775739274072tmp surefire_07421439999225219688tmp"/>
    <property name="http.nonProxyHosts" value="local|*.local|169.254/16|*.169.254/16"/>
    <property name="surefire.test.class.path" value="/Users/athies/Downloads/Digital_automation_UI/target/test-classes:/Users/athies/Downloads/Digital_automation_UI/target/classes:/Users/athies/.m2/repository/org/seleniumhq/selenium/selenium-api/3.141.59/selenium-api-3.141.59.jar:/Users/athies/.m2/repository/org/seleniumhq/selenium/selenium-safari-driver/3.141.59/selenium-safari-driver-3.141.59.jar:/Users/athies/.m2/repository/org/seleniumhq/selenium/selenium-remote-driver/3.141.59/selenium-remote-driver-3.141.59.jar:/Users/athies/.m2/repository/net/bytebuddy/byte-buddy/1.8.15/byte-buddy-1.8.15.jar:/Users/athies/.m2/repository/org/apache/commons/commons-exec/1.3/commons-exec-1.3.jar:/Users/athies/.m2/repository/com/google/guava/guava/25.0-jre/guava-25.0-jre.jar:/Users/athies/.m2/repository/com/google/code/findbugs/jsr305/1.3.9/jsr305-1.3.9.jar:/Users/athies/.m2/repository/org/checkerframework/checker-compat-qual/2.0.0/checker-compat-qual-2.0.0.jar:/Users/athies/.m2/repository/com/google/errorprone/error_prone_annotations/2.1.3/error_prone_annotations-2.1.3.jar:/Users/athies/.m2/repository/com/google/j2objc/j2objc-annotations/1.1/j2objc-annotations-1.1.jar:/Users/athies/.m2/repository/org/codehaus/mojo/animal-sniffer-annotations/1.14/animal-sniffer-annotations-1.14.jar:/Users/athies/.m2/repository/com/squareup/okhttp3/okhttp/3.11.0/okhttp-3.11.0.jar:/Users/athies/.m2/repository/com/squareup/okio/okio/1.14.0/okio-1.14.0.jar:/Users/athies/.m2/repository/org/seleniumhq/selenium/selenium-support/3.141.59/selenium-support-3.141.59.jar:/Users/athies/.m2/repository/org/seleniumhq/selenium/selenium-chrome-driver/3.141.59/selenium-chrome-driver-3.141.59.jar:/Users/athies/.m2/repository/io/cucumber/cucumber-java/6.9.1/cucumber-java-6.9.1.jar:/Users/athies/.m2/repository/org/apiguardian/apiguardian-api/1.1.0/apiguardian-api-1.1.0.jar:/Users/athies/.m2/repository/junit/junit/4.13.1/junit-4.13.1.jar:/Users/athies/.m2/repository/org/hamcrest/hamcrest-core/1.3/hamcrest-core-1.3.jar:/Users/athies/.m2/repository/info/cukes/cucumber-junit/1.0.2/cucumber-junit-1.0.2.jar:/Users/athies/.m2/repository/info/cukes/cucumber-core/1.0.2/cucumber-core-1.0.2.jar:/Users/athies/.m2/repository/info/cukes/gherkin/2.9.3/gherkin-2.9.3.jar:/Users/athies/.m2/repository/info/cukes/cucumber-html/0.2.1/cucumber-html-0.2.1.jar:/Users/athies/.m2/repository/io/cucumber/cucumber-junit/6.9.1/cucumber-junit-6.9.1.jar:/Users/athies/.m2/repository/io/cucumber/cucumber-core/6.9.1/cucumber-core-6.9.1.jar:/Users/athies/.m2/repository/io/cucumber/cucumber-gherkin/6.9.1/cucumber-gherkin-6.9.1.jar:/Users/athies/.m2/repository/io/cucumber/cucumber-gherkin-messages/6.9.1/cucumber-gherkin-messages-6.9.1.jar:/Users/athies/.m2/repository/io/cucumber/messages/13.2.1/messages-13.2.1.jar:/Users/athies/.m2/repository/io/cucumber/tag-expressions/3.0.0/tag-expressions-3.0.0.jar:/Users/athies/.m2/repository/io/cucumber/cucumber-expressions/10.3.0/cucumber-expressions-10.3.0.jar:/Users/athies/.m2/repository/io/cucumber/datatable/3.5.0/datatable-3.5.0.jar:/Users/athies/.m2/repository/io/cucumber/cucumber-plugin/6.9.1/cucumber-plugin-6.9.1.jar:/Users/athies/.m2/repository/io/cucumber/docstring/6.9.1/docstring-6.9.1.jar:/Users/athies/.m2/repository/io/cucumber/html-formatter/9.0.0/html-formatter-9.0.0.jar:/Users/athies/.m2/repository/io/cucumber/create-meta/2.0.4/create-meta-2.0.4.jar:/Users/athies/.m2/repository/info/cukes/cucumber-java/1.0.2/cucumber-java-1.0.2.jar:/Users/athies/.m2/repository/io/cucumber/gherkin/14.0.1/gherkin-14.0.1.jar:"/>
    <property name="sun.cpu.endian" value="little"/>
    <property name="user.home" value="/Users/athies"/>
    <property name="user.language" value="en"/>
    <property name="java.specification.vendor" value="Oracle Corporation"/>
    <property name="java.home" value="/Users/athies/Library/Java/JavaVirtualMachines/corretto-1.8.0_282/Contents/Home/jre"/>
    <property name="basedir" value="/Users/athies/Downloads/Digital_automation_UI"/>
    <property name="file.separator" value="/"/>
    <property name="line.separator" value="&#10;"/>
    <property name="java.vm.specification.vendor" value="Oracle Corporation"/>
    <property name="java.specification.name" value="Java Platform API Specification"/>
    <property name="java.awt.graphicsenv" value="sun.awt.CGraphicsEnvironment"/>
    <property name="surefire.real.class.path" value="/Users/athies/Downloads/Digital_automation_UI/target/surefire/surefirebooter162208611941345514.jar"/>
    <property name="sun.boot.class.path" value="/Users/athies/Library/Java/JavaVirtualMachines/corretto-1.8.0_282/Contents/Home/jre/lib/resources.jar:/Users/athies/Library/Java/JavaVirtualMachines/corretto-1.8.0_282/Contents/Home/jre/lib/rt.jar:/Users/athies/Library/Java/JavaVirtualMachines/corretto-1.8.0_282/Contents/Home/jre/lib/sunrsasign.jar:/Users/athies/Library/Java/JavaVirtualMachines/corretto-1.8.0_282/Contents/Home/jre/lib/jsse.jar:/Users/athies/Library/Java/JavaVirtualMachines/corretto-1.8.0_282/Contents/Home/jre/lib/jce.jar:/Users/athies/Library/Java/JavaVirtualMachines/corretto-1.8.0_282/Contents/Home/jre/lib/charsets.jar:/Users/athies/Library/Java/JavaVirtualMachines/corretto-1.8.0_282/Contents/Home/jre/lib/jfr.jar:/Users/athies/Library/Java/JavaVirtualMachines/corretto-1.8.0_282/Contents/Home/jre/classes"/>
    <property name="sun.management.compiler" value="HotSpot 64-Bit Tiered Compilers"/>
    <property name="ftp.nonProxyHosts" value="local|*.local|169.254/16|*.169.254/16"/>
    <property name="java.runtime.version" value="1.8.0_282-b08"/>
    <property name="user.name" value="athies"/>
    <property name="path.separator" value=":"/>
    <property name="os.version" value="10.15.6"/>
    <property name="java.endorsed.dirs" value="/Users/athies/Library/Java/JavaVirtualMachines/corretto-1.8.0_282/Contents/Home/jre/lib/endorsed"/>
    <property name="java.runtime.name" value="OpenJDK Runtime Environment"/>
    <property name="file.encoding" value="US-ASCII"/>
    <property name="java.vm.name" value="OpenJDK 64-Bit Server VM"/>
    <property name="localRepository" value="/Users/athies/.m2/repository"/>
    <property name="java.vendor.url.bug" value="https://github.com/corretto/corretto-8/issues/"/>
    <property name="java.io.tmpdir" value="/var/folders/tj/v4fjjhpj16g3474rf7wnnf480000gn/T/"/>
    <property name="idea.version" value="2020.3.2"/>
    <property name="java.version" value="1.8.0_282"/>
    <property name="user.dir" value="/Users/athies/Downloads/Digital_automation_UI"/>
    <property name="os.arch" value="x86_64"/>
    <property name="java.vm.specification.name" value="Java Virtual Machine Specification"/>
    <property name="java.awt.printerjob" value="sun.lwawt.macosx.CPrinterJob"/>
    <property name="sun.os.patch.level" value="unknown"/>
    <property name="java.library.path" value="/Users/athies/Library/Java/Extensions:/Library/Java/Extensions:/Network/Library/Java/Extensions:/System/Library/Java/Extensions:/usr/lib/java:."/>
    <property name="java.vm.info" value="mixed mode"/>
    <property name="java.vendor" value="Amazon.com Inc."/>
    <property name="java.vm.version" value="25.282-b08"/>
    <property name="java.ext.dirs" value="/Users/athies/Library/Java/Extensions:/Users/athies/Library/Java/JavaVirtualMachines/corretto-1.8.0_282/Contents/Home/jre/lib/ext:/Library/Java/Extensions:/Network/Library/Java/Extensions:/System/Library/Java/Extensions:/usr/lib/java"/>
    <property name="sun.io.unicode.encoding" value="UnicodeBig"/>
    <property name="java.class.version" value="52.0"/>
    <property name="socksNonProxyHosts" value="local|*.local|169.254/16|*.169.254/16"/>
  </properties>
  <testcase name="Verify user able to login the page" classname="Login" time="0.253">
    <error message="The step &quot;User on BliBli page&quot; is undefined. You can implement it using the snippet(s) below:&#10;&#10;@Given(&quot;User on BliBli page&quot;)&#10;public void user_on_bli_bli_page() {&#10;    // Write code here that turns the phrase above into concrete actions&#10;    throw new io.cucumber.java.PendingException();&#10;}&#10;&#10;&#10;Some other steps were also undefined:&#10;&#10;@When(&quot;User enters username as {string}&quot;)&#10;public void user_enters_username_as(String string) {&#10;    // Write code here that turns the phrase above into concrete actions&#10;    throw new io.cucumber.java.PendingException();&#10;}&#10;@When(&quot;User enter password as {string}&quot;)&#10;public void user_enter_password_as(String string) {&#10;    // Write code here that turns the phrase above into concrete actions&#10;    throw new io.cucumber.java.PendingException();&#10;}&#10;@Then(&quot;User verify the email&quot;)&#10;public void user_verify_the_email() {&#10;    // Write code here that turns the phrase above into concrete actions&#10;    throw new io.cucumber.java.PendingException();&#10;}&#10;@Then(&quot;User enter in the login page&quot;)&#10;public void user_enter_in_the_login_page() {&#10;    // Write code here that turns the phrase above into concrete actions&#10;    throw new io.cucumber.java.PendingException();&#10;}&#10;" type="io.cucumber.junit.UndefinedStepException">io.cucumber.junit.UndefinedStepException: 
The step "User on BliBli page" is undefined. You can implement it using the snippet(s) below:

@Given("User on BliBli page")
public void user_on_bli_bli_page() {
    // Write code here that turns the phrase above into concrete actions
    throw new io.cucumber.java.PendingException();
}


Some other steps were also undefined:

@When("User enters username as {string}")
public void user_enters_username_as(String string) {
    // Write code here that turns the phrase above into concrete actions
    throw new io.cucumber.java.PendingException();
}
@When("User enter password as {string}")
public void user_enter_password_as(String string) {
    // Write code here that turns the phrase above into concrete actions
    throw new io.cucumber.java.PendingException();
}
@Then("User verify the email")
public void user_verify_the_email() {
    // Write code here that turns the phrase above into concrete actions
    throw new io.cucumber.java.PendingException();
}
@Then("User enter in the login page")
public void user_enter_in_the_login_page() {
    // Write code here that turns the phrase above into concrete actions
    throw new io.cucumber.java.PendingException();
}

</error>
    <system-out><![CDATA[
@LoginFeature @Test1
Scenario: Verify user able to login the page                 &amp#27;[90m# src/test/resources/Features/login.feature:10&amp#27;[0m
  &amp#27;[33mGiven &amp#27;[0m&amp#27;[33mUser on BliBli page&amp#27;[0m                                  &amp#27;[90m# null&amp#27;[0m
  &amp#27;[36mWhen &amp#27;[0m&amp#27;[36mUser enters username as "arpitha.riya@mailinator.com"&amp#27;[0m &amp#27;[90m# null&amp#27;[0m
  &amp#27;[36mAnd &amp#27;[0m&amp#27;[36mUser enter password as "Blibli@123456"&amp#27;[0m                 &amp#27;[90m# null&amp#27;[0m
  &amp#27;[36mThen &amp#27;[0m&amp#27;[36mUser verify the email&amp#27;[0m                                 &amp#27;[90m# null&amp#27;[0m
  &amp#27;[36mThen &amp#27;[0m&amp#27;[36mUser enter in the login page&amp#27;[0m                          &amp#27;[90m# null&amp#27;[0m
]]></system-out>
  </testcase>
</testsuite>